"Start of log file."
"C:/Users/user/DOCUME~1/GitHub/106051~1/106051~1/Assets/LOWPOL~1/Anims/TRUMP_~3.MAX"
"Starting max loading and fbx conversion"
window = undefined
"Settings units"
"Before fbx export"
"After fbx export"
"Finished max loading and fbx conversion"
"C:/Users/user/DOCUME~1/GitHub/106051~1/106051~1/Assets/LOWPOL~1/TRUMP_~2.MAX"
"Starting max loading and fbx conversion"
window = undefined
"Settings units"
"Before fbx export"
"After fbx export"
"Finished max loading and fbx conversion"
"C:/Users/user/DOCUME~1/GitHub/106051~1/106051~1/Assets/LOWPOL~1/TRUMP_~3.MAX"
"Starting max loading and fbx conversion"
window = undefined
"Settings units"
"Before fbx export"
"After fbx export"
"Finished max loading and fbx conversion"
"C:/Users/user/DOCUME~1/GitHub/106051~1/106051~1/Assets/LOWPOL~1/TRUMP_~1.MAX"
"Starting max loading and fbx conversion"
window = undefined
"Settings units"
"Before fbx export"
"After fbx export"
"Finished max loading and fbx conversion"
"C:/Users/user/DOCUME~1/GitHub/106051~1/106051~1/Assets/LOWPOL~1/Anims/TRUMP_~1.MAX"
"Starting max loading and fbx conversion"
window = undefined
"Settings units"
"Before fbx export"
"After fbx export"
"Finished max loading and fbx conversion"
"C:/Users/user/DOCUME~1/GitHub/106051~1/106051~1/Assets/LOWPOL~1/Anims/TRUMP_~2.MAX"
"Starting max loading and fbx conversion"
window = undefined
"Settings units"
"Before fbx export"
"After fbx export"
"Finished max loading and fbx conversion"
